<?xml version="1.0" encoding="UTF-8"?>
<testsuite xmlns:xsi="http://www.w3.org/2001/XMLSchema-instance" xsi:noNamespaceSchemaLocation="https://maven.apache.org/surefire/maven-surefire-plugin/xsd/surefire-test-report.xsd" name="cl.noob.web.AppTest" time="0.652" tests="1" errors="0" skipped="0" failures="0">
  <properties>
    <property name="java.specification.version" value="15"/>
    <property name="sun.cpu.isalist" value="amd64"/>
    <property name="sun.jnu.encoding" value="Cp1252"/>
    <property name="java.class.path" value="C:\Users\Ruben\Documents\Awake Lab Bootcamp\Hackaton\Github\target\test-classes;C:\Users\Ruben\Documents\Awake Lab Bootcamp\Hackaton\Github\target\classes;C:\Users\Ruben\.m2\repository\javax\servlet\javax.servlet-api\4.0.1\javax.servlet-api-4.0.1.jar;C:\Users\Ruben\.m2\repository\junit\junit\4.11\junit-4.11.jar;C:\Users\Ruben\.m2\repository\org\hamcrest\hamcrest-core\1.3\hamcrest-core-1.3.jar;"/>
    <property name="java.vm.vendor" value="Oracle Corporation"/>
    <property name="sun.arch.data.model" value="64"/>
    <property name="user.variant" value=""/>
    <property name="java.vendor.url" value="https://java.oracle.com/"/>
    <property name="user.timezone" value="America/Santiago"/>
    <property name="os.name" value="Windows 10"/>
    <property name="java.vm.specification.version" value="15"/>
    <property name="sun.java.launcher" value="SUN_STANDARD"/>
    <property name="user.country" value="MX"/>
    <property name="sun.boot.library.path" value="C:\Users\Ruben\Documents\Awake Lab Bootcamp\Modulo 4 Awake\Dia 3 20201228\eclipse\plugins\org.eclipse.justj.openjdk.hotspot.jre.full.win32.x86_64_15.0.1.v20201027-0507\jre\bin"/>
    <property name="sun.java.command" value="C:\Users\Ruben\AppData\Local\Temp\surefire8964457404922232643\surefirebooter3367204252592970366.jar C:\Users\Ruben\AppData\Local\Temp\surefire8964457404922232643 2021-01-21T00-29-50_406-jvmRun1 surefire11738212637998187356tmp surefire_01905432479873920132tmp"/>
    <property name="jdk.debug" value="release"/>
    <property name="surefire.test.class.path" value="C:\Users\Ruben\Documents\Awake Lab Bootcamp\Hackaton\Github\target\test-classes;C:\Users\Ruben\Documents\Awake Lab Bootcamp\Hackaton\Github\target\classes;C:\Users\Ruben\.m2\repository\javax\servlet\javax.servlet-api\4.0.1\javax.servlet-api-4.0.1.jar;C:\Users\Ruben\.m2\repository\junit\junit\4.11\junit-4.11.jar;C:\Users\Ruben\.m2\repository\org\hamcrest\hamcrest-core\1.3\hamcrest-core-1.3.jar;"/>
    <property name="sun.cpu.endian" value="little"/>
    <property name="user.home" value="C:\Users\Ruben"/>
    <property name="user.language" value="es"/>
    <property name="java.specification.vendor" value="Oracle Corporation"/>
    <property name="java.version.date" value="2020-10-20"/>
    <property name="java.home" value="C:\Users\Ruben\Documents\Awake Lab Bootcamp\Modulo 4 Awake\Dia 3 20201228\eclipse\plugins\org.eclipse.justj.openjdk.hotspot.jre.full.win32.x86_64_15.0.1.v20201027-0507\jre"/>
    <property name="file.separator" value="\"/>
    <property name="basedir" value="C:\Users\Ruben\Documents\Awake Lab Bootcamp\Hackaton\Github"/>
    <property name="java.vm.compressedOopsMode" value="32-bit"/>
    <property name="line.separator" value="&#10;"/>
    <property name="java.vm.specification.vendor" value="Oracle Corporation"/>
    <property name="java.specification.name" value="Java Platform API Specification"/>
    <property name="surefire.real.class.path" value="C:\Users\Ruben\AppData\Local\Temp\surefire8964457404922232643\surefirebooter3367204252592970366.jar"/>
    <property name="user.script" value=""/>
    <property name="sun.management.compiler" value="HotSpot 64-Bit Tiered Compilers"/>
    <property name="java.runtime.version" value="15.0.1+9-18"/>
    <property name="user.name" value="Ruben"/>
    <property name="path.separator" value=";"/>
    <property name="os.version" value="10.0"/>
    <property name="java.runtime.name" value="OpenJDK Runtime Environment"/>
    <property name="file.encoding" value="Cp1252"/>
    <property name="java.vm.name" value="OpenJDK 64-Bit Server VM"/>
    <property name="localRepository" value="C:\Users\Ruben\.m2\repository"/>
    <property name="java.vendor.url.bug" value="https://bugreport.java.com/bugreport/"/>
    <property name="java.io.tmpdir" value="C:\Users\Ruben\AppData\Local\Temp\"/>
    <property name="java.version" value="15.0.1"/>
    <property name="user.dir" value="C:\Users\Ruben\Documents\Awake Lab Bootcamp\Hackaton\Github"/>
    <property name="os.arch" value="amd64"/>
    <property name="java.vm.specification.name" value="Java Virtual Machine Specification"/>
    <property name="sun.os.patch.level" value=""/>
    <property name="java.library.path" value="C:\Users\Ruben\Documents\Awake Lab Bootcamp\Modulo 4 Awake\Dia 3 20201228\eclipse\plugins\org.eclipse.justj.openjdk.hotspot.jre.full.win32.x86_64_15.0.1.v20201027-0507\jre\bin;C:\WINDOWS\Sun\Java\bin;C:\WINDOWS\system32;C:\WINDOWS;C:/Users/Ruben/Documents/Awake Lab Bootcamp/Modulo 4 Awake/Dia 3 20201228/eclipse//plugins/org.eclipse.justj.openjdk.hotspot.jre.full.win32.x86_64_15.0.1.v20201027-0507/jre/bin/server;C:/Users/Ruben/Documents/Awake Lab Bootcamp/Modulo 4 Awake/Dia 3 20201228/eclipse//plugins/org.eclipse.justj.openjdk.hotspot.jre.full.win32.x86_64_15.0.1.v20201027-0507/jre/bin;C:\oraclexe\app\oracle\product\11.2.0\server\bin;;C:\Program Files (x86)\Common Files\Oracle\Java\javapath;C:\ProgramData\Oracle\Java\javapath;C:\WINDOWS\system32;C:\WINDOWS;C:\WINDOWS\System32\Wbem;C:\WINDOWS\System32\WindowsPowerShell\v1.0\;C:\Program Files\PuTTY\;C:\WINDOWS\System32\OpenSSH\;C:\Program Files\nodejs\;C:\Program Files\Git\cmd;C:\Users\Ruben\anaconda3;C:\Users\Ruben\anaconda3\Library\mingw-w64\bin;C:\Users\Ruben\anaconda3\Library\usr\bin;C:\Users\Ruben\anaconda3\Library\bin;C:\Users\Ruben\anaconda3\Scripts;C:\Users\Ruben\AppData\Local\Programs\Python\Python38-32\Scripts\;C:\Users\Ruben\AppData\Local\Programs\Python\Python38-32\;C:\Users\Ruben\AppData\Local\Microsoft\WindowsApps;C:\Users\Ruben\AppData\Roaming\npm;C:\Users\Ruben\AppData\Local\Programs\Microsoft VS Code\bin;C:\Users\Ruben\AppData\Local\GitHubDesktop\bin;C:\Program Files\heroku\bin;C:\Users\Ruben\Documents\Awake Lab Bootcamp\Modulo 4 Awake\Dia 3 20201228\eclipse;;."/>
    <property name="java.vm.info" value="mixed mode"/>
    <property name="java.vendor" value="Oracle Corporation"/>
    <property name="java.vm.version" value="15.0.1+9-18"/>
    <property name="sun.io.unicode.encoding" value="UnicodeLittle"/>
    <property name="java.class.version" value="59.0"/>
  </properties>
  <testcase name="shouldAnswerWithTrue" classname="cl.noob.web.AppTest" time="0.003"/>
</testsuite>